Building DAG of jobs...
Using shell: /usr/bin/bash
Provided cores: 8
Rules claiming more threads will be scaled down.
Job stats:
job          count
---------  -------
VCNum            1
all              1
final_cal        1
total            3

Select jobs to execute...

[Mon Jul 29 16:07:01 2024]
rule VCNum:
    input: data/04_MutSel.vcf.gz
    output: data/05_carriers.bed, data/05_carriers.bim, data/05_carriers.hwe, data/05_carriers.fam, data/05_carriers.log, data/05_carriers.nosex
    log: logs/VCNum.log
    jobid: 2
    reason: Missing output files: data/05_carriers.bim, data/05_carriers.hwe
    threads: 6
    resources: tmpdir=/tmp

[Mon Jul 29 16:07:01 2024]
Finished job 2.
1 of 3 steps (33%) done
Select jobs to execute...

[Mon Jul 29 16:07:01 2024]
rule final_cal:
    input: data/05_carriers.hwe, data/05_carriers.bim
    output: /gpfs/hpc/home/lijc/zhuzp/PTseeker/data/result/Example_cohort_carriers.txt
    log: logs/final_cal.log
    jobid: 1
    reason: Missing output files: /gpfs/hpc/home/lijc/zhuzp/PTseeker/data/result/Example_cohort_carriers.txt; Input files updated by another job: data/05_carriers.bim, data/05_carriers.hwe
    threads: 6
    resources: tmpdir=/tmp

[Mon Jul 29 16:07:01 2024]
Finished job 1.
2 of 3 steps (67%) done
Select jobs to execute...

[Mon Jul 29 16:07:01 2024]
localrule all:
    input: /gpfs/hpc/home/lijc/zhuzp/PTseeker/data/result/Example_cohort_carriers.txt
    jobid: 0
    reason: Input files updated by another job: /gpfs/hpc/home/lijc/zhuzp/PTseeker/data/result/Example_cohort_carriers.txt
    resources: tmpdir=/tmp

[Mon Jul 29 16:07:01 2024]
Finished job 0.
3 of 3 steps (100%) done
Complete log: .snakemake/log/2024-07-29T160700.989253.snakemake.log
