Building DAG of jobs...
Using shell: /usr/bin/bash
Provided cores: 8
Rules claiming more threads will be scaled down.
Job stats:
job           count
----------  -------
MutSel            1
SamSel            1
VCF_sorted        1
VCNum             1
all               1
final_cal         1
sampleQC          1
total             7

Select jobs to execute...

[Mon Jul 29 20:18:48 2024]
rule sampleQC:
    input: data/01_qc1.vcf.gz
    output: data/02_qc2.irem, data/02_qc2.log, data/02_qc2.nosex, data/02_qc2.vcf, data/02_qc2.vcf.gz
    log: logs/sampleQC.log
    jobid: 6
    reason: Missing output files: data/02_qc2.vcf.gz
    threads: 6
    resources: tmpdir=/tmp

[Mon Jul 29 20:26:26 2024]
Finished job 6.
1 of 7 steps (14%) done
Select jobs to execute...

[Mon Jul 29 20:26:26 2024]
rule SamSel:
    input: /gpfs/hpc/home/lijc/zhuzp/PTseeker/data/Example/Example_sample_list.txt, data/02_qc2.vcf.gz
    output: data/03_SamSel.vcf.gz
    log: logs/SamSel.log
    jobid: 5
    reason: Missing output files: data/03_SamSel.vcf.gz; Input files updated by another job: data/02_qc2.vcf.gz
    threads: 6
    resources: tmpdir=/tmp

[Mon Jul 29 20:26:27 2024]
Finished job 5.
2 of 7 steps (29%) done
Select jobs to execute...

[Mon Jul 29 20:26:27 2024]
rule VCF_sorted:
    input: data/03_SamSel.vcf.gz
    output: data/04_sorted.vcf.gz
    log: logs/VCF_sorted.log
    jobid: 4
    reason: Missing output files: data/04_sorted.vcf.gz; Input files updated by another job: data/03_SamSel.vcf.gz
    threads: 6
    resources: tmpdir=/tmp

[Mon Jul 29 20:26:28 2024]
Finished job 4.
3 of 7 steps (43%) done
Select jobs to execute...

[Mon Jul 29 20:26:28 2024]
rule MutSel:
    input: data/04_sorted.vcf.gz, data/known_vaiants/SPARK_Denovo_chr_pos
    output: data/04_MutSel.vcf.gz
    log: logs/MutSel.log
    jobid: 3
    reason: Missing output files: data/04_MutSel.vcf.gz; Input files updated by another job: data/04_sorted.vcf.gz
    threads: 6
    resources: tmpdir=/tmp

[Mon Jul 29 20:26:28 2024]
Finished job 3.
4 of 7 steps (57%) done
Select jobs to execute...

[Mon Jul 29 20:26:28 2024]
rule VCNum:
    input: data/04_MutSel.vcf.gz
    output: data/05_carriers.bed, data/05_carriers.bim, data/05_carriers.hwe, data/05_carriers.fam, data/05_carriers.log, data/05_carriers.nosex
    log: logs/VCNum.log
    jobid: 2
    reason: Missing output files: data/05_carriers.hwe, data/05_carriers.bim; Input files updated by another job: data/04_MutSel.vcf.gz
    threads: 6
    resources: tmpdir=/tmp

[Mon Jul 29 20:26:28 2024]
Finished job 2.
5 of 7 steps (71%) done
Select jobs to execute...

[Mon Jul 29 20:26:28 2024]
rule final_cal:
    input: data/05_carriers.hwe, data/05_carriers.bim
    output: /gpfs/hpc/home/lijc/zhuzp/PTseeker/data/result/Example_cohort_carriers.txt
    log: logs/final_cal.log
    jobid: 1
    reason: Missing output files: /gpfs/hpc/home/lijc/zhuzp/PTseeker/data/result/Example_cohort_carriers.txt; Input files updated by another job: data/05_carriers.hwe, data/05_carriers.bim
    threads: 6
    resources: tmpdir=/tmp

[Mon Jul 29 20:26:29 2024]
Finished job 1.
6 of 7 steps (86%) done
Select jobs to execute...

[Mon Jul 29 20:26:29 2024]
localrule all:
    input: /gpfs/hpc/home/lijc/zhuzp/PTseeker/data/result/Example_cohort_carriers.txt
    jobid: 0
    reason: Input files updated by another job: /gpfs/hpc/home/lijc/zhuzp/PTseeker/data/result/Example_cohort_carriers.txt
    resources: tmpdir=/tmp

[Mon Jul 29 20:26:29 2024]
Finished job 0.
7 of 7 steps (100%) done
Complete log: .snakemake/log/2024-07-29T201848.494844.snakemake.log
