Building DAG of jobs...
Using shell: /usr/bin/bash
Provided cores: 64
Rules claiming more threads will be scaled down.
Job stats:
job           count
----------  -------
MutSel            1
SamSel            1
VCF_sorted        1
VCNum             1
all               1
final_cal         1
sampleQC          1
variantQC         1
total             8

Select jobs to execute...

[Mon Jul 29 16:57:47 2024]
rule variantQC:
    input: /gpfs/hpc/home/lijc/zhuzp/PTseeker/data/Test1/02_qc2.vcf.gz, data/reference/hg38.fa
    output: data/01_qc1.vcf.gz
    log: logs/variantQC.log
    jobid: 7
    reason: Set of input files has changed since last execution
    threads: 6
    resources: tmpdir=/tmp

[Mon Jul 29 16:57:47 2024]
Error in rule variantQC:
    jobid: 7
    input: /gpfs/hpc/home/lijc/zhuzp/PTseeker/data/Test1/02_qc2.vcf.gz, data/reference/hg38.fa
    output: data/01_qc1.vcf.gz
    log: logs/variantQC.log (check log file(s) for error details)
    shell:
        
        bcftools norm -f data/reference/hg38.fa -m -any /gpfs/hpc/home/lijc/zhuzp/PTseeker/data/Test1/02_qc2.vcf.gz | bcftools filter -e 'TYPE="snp" & FORMAT/DP<7 | TYPE="indel" & FORMAT/DP<10' | bcftools view -i '(TYPE="snp" && N_PASS(GT="het" & FMT/AD[*:1]/(FMT/AD[*:0]+FMT/AD[*:1])>=0.15) >= 1) || (TYPE="snp" && COUNT(GT="AA") >= 1) || (TYPE="indel" && N_PASS(GT="het" & FMT/AD[*:1]/(FMT/AD[*:0]+FMT/AD[*:1])>=0.20) >= 1) || (TYPE="indel" && COUNT(GT="AA") >= 1)' --threads 6 -Oz -o data/01_qc1.vcf.gz 2> logs/variantQC.log
        
        (one of the commands exited with non-zero exit code; note that snakemake uses bash strict mode!)

Shutting down, this might take some time.
Exiting because a job execution failed. Look above for error message
Complete log: .snakemake/log/2024-07-29T165747.573299.snakemake.log
