Building DAG of jobs...
Using shell: /usr/bin/bash
Provided cores: 8
Rules claiming more threads will be scaled down.
Job stats:
job           count
----------  -------
MutSel            1
SamSel            1
VCF_sorted        1
VCNum             1
all               1
final_cal         1
sampleQC          1
total             7

Select jobs to execute...

[Mon Jul 29 15:28:25 2024]
rule sampleQC:
    input: data/01_qc1.vcf.gz
    output: data/02_qc2.irem, data/02_qc2.log, data/02_qc2.nosex, data/02_qc2.vcf.gz, data/02_qc2.vcf
    log: logs/sampleQC.log
    jobid: 6
    reason: Missing output files: data/02_qc2.vcf.gz
    threads: 6
    resources: tmpdir=/tmp

[Mon Jul 29 15:28:25 2024]
Error in rule sampleQC:
    jobid: 6
    input: data/01_qc1.vcf.gz
    output: data/02_qc2.irem, data/02_qc2.log, data/02_qc2.nosex, data/02_qc2.vcf.gz, data/02_qc2.vcf
    log: logs/sampleQC.log (check log file(s) for error details)
    shell:
        
        plink --vcf data/01_qc1.vcf.gz --allow-extra-chr 0 --vcf-half-call m --geno 0.1 --hwe 1e-15 --mind 0.1 --recode vcf --out data/02_qc2.irem data/02_qc2.log data/02_qc2.nosex data/02_qc2.vcf.gz data/02_qc2.vcf 2> logs/sampleQC.log
        bgzip -c data/02_qc2.vcf > data/02_qc2.vcf.gz 2>> logs/sampleQC.log
        
        (one of the commands exited with non-zero exit code; note that snakemake uses bash strict mode!)

Shutting down, this might take some time.
Exiting because a job execution failed. Look above for error message
Complete log: .snakemake/log/2024-07-29T152823.258269.snakemake.log
