Config file config/config.yaml is extended by additional config specified via the command line.
Building DAG of jobs...
Using shell: /usr/bin/bash
Provided cores: 64
Rules claiming more threads will be scaled down.
Job stats:
job           count
----------  -------
MutSel            1
SamSel            1
VCF_sorted        1
VCNum             1
all               1
final_cal         1
sampleQC          1
variantQC         1
total             8

Select jobs to execute...

[Mon Jul 29 17:20:21 2024]
rule variantQC:
    input: /gpfs/hpc/home/lijc/zhuzp/PTseeker/data/Example/Example.vcf.gz, data/reference/hg38.fa
    output: data/01_qc1.vcf.gz
    log: logs/variantQC.log
    jobid: 7
    reason: Missing output files: data/01_qc1.vcf.gz
    threads: 6
    resources: tmpdir=/tmp

