Building DAG of jobs...
Using shell: /usr/bin/bash
Provided cores: 8
Rules claiming more threads will be scaled down.
Job stats:
job           count
----------  -------
MutSel            1
SamSel            1
VCF_sorted        1
VCNum             1
all               1
final_cal         1
sampleQC          1
variantQC         1
total             8

Select jobs to execute...

[Mon Jul 22 21:17:55 2024]
rule variantQC:
    input: data/ex_sample.vcf.gz
    output: data/example.vcf_qc1.gz
    log: logs/variantQC.log
    jobid: 7
    reason: Missing output files: data/example.vcf_qc1.gz
    threads: 8
    resources: tmpdir=/tmp

[Mon Jul 22 21:18:01 2024]
Error in rule variantQC:
    jobid: 7
    input: data/ex_sample.vcf.gz
    output: data/example.vcf_qc1.gz
    log: logs/variantQC.log (check log file(s) for error details)
    shell:
        
        bcftools norm -f config["hg38ref"] -m -any data/ex_sample.vcf.gz | bcftools filter -e 'TYPE="snp" & FORMAT/DP<7 | TYPE="indel" & FORMAT/DP<10' | bcftools view -i '(TYPE="snp" && N_PASS(GT="het" & FMT/AD[*:1]/(FMT/AD[*:0]+FMT/AD[*:1])>=0.15) >= 1) || (TYPE="snp" && COUNT(GT="AA") >= 1) || (TYPE="indel" && N_PASS(GT="het" & FMT/AD[*:1]/(FMT/AD[*:0]+FMT/AD[*:1])>=0.20) >= 1) || (TYPE="indel" && COUNT(GT="AA") >= 1)' --threads 8 -Oz -o data/example.vcf_qc1.gz 2> logs/variantQC.log
        
        (one of the commands exited with non-zero exit code; note that snakemake uses bash strict mode!)

Shutting down, this might take some time.
Exiting because a job execution failed. Look above for error message
Complete log: .snakemake/log/2024-07-22T211755.286498.snakemake.log
