Config file config/config.yaml is extended by additional config specified via the command line.
Building DAG of jobs...
Using shell: /usr/bin/bash
Provided cores: 64
Rules claiming more threads will be scaled down.
Job stats:
job           count
----------  -------
VCF_sorted        1
all               1
final_cal         1
total             3

Select jobs to execute...

[Sun Sep 29 10:24:39 2024]
rule VCF_sorted:
    input: data/03_SamSel.vcf.gz
    output: data/04_sorted.vcf.gz
    log: logs/VCF_sorted.log
    jobid: 2
    reason: Missing output files: data/04_sorted.vcf.gz
    threads: 6
    resources: tmpdir=/tmp

[Sun Sep 29 10:24:40 2024]
Finished job 2.
1 of 3 steps (33%) done
Select jobs to execute...

[Sun Sep 29 10:24:40 2024]
rule final_cal:
    input: data/04_sorted.vcf.gz
    output: /gpfs/lijc/zhuzhp/PTpipe/data/Test.txt
    log: logs/final_cal.log
    jobid: 1
    reason: Missing output files: /gpfs/lijc/zhuzhp/PTpipe/data/Test.txt; Input files updated by another job: data/04_sorted.vcf.gz; Set of input files has changed since last execution
    threads: 6
    resources: tmpdir=/tmp

[Sun Sep 29 10:24:43 2024]
Finished job 1.
2 of 3 steps (67%) done
Select jobs to execute...

[Sun Sep 29 10:24:43 2024]
localrule all:
    input: /gpfs/lijc/zhuzhp/PTpipe/data/Test.txt
    jobid: 0
    reason: Input files updated by another job: /gpfs/lijc/zhuzhp/PTpipe/data/Test.txt
    resources: tmpdir=/tmp

[Sun Sep 29 10:24:43 2024]
Finished job 0.
3 of 3 steps (100%) done
Complete log: .snakemake/log/2024-09-29T102438.914004.snakemake.log
