Config file config/config.yaml is extended by additional config specified via the command line.
Building DAG of jobs...
Using shell: /usr/bin/bash
Provided cores: 64
Rules claiming more threads will be scaled down.
Job stats:
job          count
---------  -------
all              1
final_cal        1
total            2

Select jobs to execute...

[Tue Aug  6 14:51:37 2024]
rule final_cal:
    input: data/05_carriers.hwe, data/05_carriers.bim
    output: /gpfs/lijc/zhuzhp/PTseeker/data/result/aaa.txt
    log: logs/final_cal.log
    jobid: 1
    reason: Missing output files: /gpfs/lijc/zhuzhp/PTseeker/data/result/aaa.txt
    threads: 6
    resources: tmpdir=/tmp

[Tue Aug  6 14:51:37 2024]
Finished job 1.
1 of 2 steps (50%) done
Select jobs to execute...

[Tue Aug  6 14:51:37 2024]
localrule all:
    input: /gpfs/lijc/zhuzhp/PTseeker/data/result/aaa.txt
    jobid: 0
    reason: Input files updated by another job: /gpfs/lijc/zhuzhp/PTseeker/data/result/aaa.txt
    resources: tmpdir=/tmp

[Tue Aug  6 14:51:37 2024]
Finished job 0.
2 of 2 steps (100%) done
Complete log: .snakemake/log/2024-08-06T145137.070101.snakemake.log
