Config file config/config.yaml is extended by additional config specified via the command line.
Building DAG of jobs...
Using shell: /usr/bin/bash
Provided cores: 64
Rules claiming more threads will be scaled down.
Job stats:
job          count
---------  -------
all              1
final_cal        1
total            2

Select jobs to execute...

[Sun Sep 29 09:58:05 2024]
rule final_cal:
    input: data/04_MutSel.vcf.gz
    output: /gpfs/lijc/zhuzhp/PTpipe/data/Test.txt
    log: logs/final_cal.log
    jobid: 1
    reason: Missing output files: /gpfs/lijc/zhuzhp/PTpipe/data/Test.txt
    threads: 6
    resources: tmpdir=/tmp

RuleException in rule final_cal in file /gpfs/lijc/zhuzhp/PTpipe/workflow/rules/VCNum.smk, line 2:
NameError: The name 'print "CHR\tPOS\tID\tREF\tALT"' is unknown in this context. Please make sure that you defined that variable. Also note that braces not used for variable access have to be escaped by repeating them, i.e. {{print $1}}, when formatting the following:

        paste <(bcftools view {input} | awk -F"	" 'BEGIN {print "CHR	POS	ID	REF	ALT"} !/^#/ {print $1"	"$2"	"$3"	"$4"	"$5}') <(bcftools query -f '[	%SAMPLE=%GT]
' {input} | awk 'BEGIN {print "nHet	Hom"} {het_count=gsub(/0\|1|1\|0|0\/1|1\/0/, ""); hom_count=gsub(/1\|1|1\/1/, ""); print het_count"	"hom_count}') > {output} 2> {log}
        
