Config file config/config.yaml is extended by additional config specified via the command line.
Building DAG of jobs...
Using shell: /usr/bin/bash
Provided cores: 64
Rules claiming more threads will be scaled down.
Job stats:
job          count
---------  -------
all              1
final_cal        1
total            2

Select jobs to execute...

[Sun Sep 29 10:02:51 2024]
rule final_cal:
    input: data/04_MutSel.vcf.gz
    output: /gpfs/lijc/zhuzhp/PTpipe/data/Test.txt
    log: logs/final_cal.log
    jobid: 1
    reason: Missing output files: /gpfs/lijc/zhuzhp/PTpipe/data/Test.txt
    threads: 6
    resources: tmpdir=/tmp

[Sun Sep 29 10:02:51 2024]
Finished job 1.
1 of 2 steps (50%) done
Select jobs to execute...

[Sun Sep 29 10:02:51 2024]
localrule all:
    input: /gpfs/lijc/zhuzhp/PTpipe/data/Test.txt
    jobid: 0
    reason: Input files updated by another job: /gpfs/lijc/zhuzhp/PTpipe/data/Test.txt
    resources: tmpdir=/tmp

[Sun Sep 29 10:02:51 2024]
Finished job 0.
2 of 2 steps (100%) done
Complete log: .snakemake/log/2024-09-29T100250.977239.snakemake.log
